<component name="libraryTable">
  <library name="junit5-5.6">
    <CLASSES>
      <root url="file://$PROJECT_DIR$/lib/junit5-5.6.2" />
    </CLASSES>
    <JAVADOC />
    <SOURCES />
    <jarDirectory url="file://$PROJECT_DIR$/lib/junit5-5.6.2" recursive="false" />
  </library>
</component>